This is pdfTeX, Version 3.14159265-2.6-1.40.16 (TeX Live 2015) (preloaded format=pdflatex 2015.10.4)  7 JAN 2016 19:29
entering extended mode
 restricted \write18 enabled.
 file:line:error style messages enabled.
 %&-line parsing enabled.
**Report-Simon-Jenni.tex
(./Report-Simon-Jenni.tex
LaTeX2e <2015/01/01>
Babel <3.9l> and hyphenation patterns for 79 languages loaded.
(/usr/local/texlive/2015/texmf-dist/tex/latex/paper/paper.cls
Document Class: paper 2008/05/30 1.0l LaTeX document class (wm).
\hours=\count79
\minutes=\count80
(/usr/local/texlive/2015/texmf-dist/tex/latex/base/size10.clo
File: size10.clo 2014/09/29 v1.4h Standard LaTeX file (size option)
)
\beforetitlespace=\skip41
\c@part=\count81
\c@section=\count82
\c@subsection=\count83
\c@subsubsection=\count84
\c@paragraph=\count85
\c@subparagraph=\count86
\exampleindent=\skip42
\c@figure=\count87
\c@table=\count88
\abovecaptionskip=\skip43
\belowcaptionskip=\skip44
\bibindent=\dimen102
)
(/usr/local/texlive/2015/texmf-dist/tex/latex/graphics/epsfig.sty
Package: epsfig 1999/02/16 v1.7a (e)psfig emulation (SPQR)

(/usr/local/texlive/2015/texmf-dist/tex/latex/graphics/graphicx.sty
Package: graphicx 2014/10/28 v1.0g Enhanced LaTeX Graphics (DPC,SPQR)

(/usr/local/texlive/2015/texmf-dist/tex/latex/graphics/keyval.sty
Package: keyval 2014/10/28 v1.15 key=value parser (DPC)
\KV@toks@=\toks14
)
(/usr/local/texlive/2015/texmf-dist/tex/latex/graphics/graphics.sty
Package: graphics 2014/10/28 v1.0p Standard LaTeX Graphics (DPC,SPQR)

(/usr/local/texlive/2015/texmf-dist/tex/latex/graphics/trig.sty
Package: trig 1999/03/16 v1.09 sin cos tan (DPC)
)
(/usr/local/texlive/2015/texmf-dist/tex/latex/latexconfig/graphics.cfg
File: graphics.cfg 2010/04/23 v1.9 graphics configuration of TeX Live
)
Package graphics Info: Driver file: pdftex.def on input line 94.

(/usr/local/texlive/2015/texmf-dist/tex/latex/pdftex-def/pdftex.def
File: pdftex.def 2011/05/27 v0.06d Graphics/color for pdfTeX

(/usr/local/texlive/2015/texmf-dist/tex/generic/oberdiek/infwarerr.sty
Package: infwarerr 2010/04/08 v1.3 Providing info/warning/error messages (HO)
)
(/usr/local/texlive/2015/texmf-dist/tex/generic/oberdiek/ltxcmds.sty
Package: ltxcmds 2011/11/09 v1.22 LaTeX kernel commands for general use (HO)
)
\Gread@gobject=\count89
))
\Gin@req@height=\dimen103
\Gin@req@width=\dimen104
)
\epsfxsize=\dimen105
\epsfysize=\dimen106
)
(/usr/local/texlive/2015/texmf-dist/tex/latex/amsmath/amsmath.sty
Package: amsmath 2013/01/14 v2.14 AMS math features
\@mathmargin=\skip45

For additional information on amsmath, use the `?' option.
(/usr/local/texlive/2015/texmf-dist/tex/latex/amsmath/amstext.sty
Package: amstext 2000/06/29 v2.01

(/usr/local/texlive/2015/texmf-dist/tex/latex/amsmath/amsgen.sty
File: amsgen.sty 1999/11/30 v2.0
\@emptytoks=\toks15
\ex@=\dimen107
))
(/usr/local/texlive/2015/texmf-dist/tex/latex/amsmath/amsbsy.sty
Package: amsbsy 1999/11/29 v1.2d
\pmbraise@=\dimen108
)
(/usr/local/texlive/2015/texmf-dist/tex/latex/amsmath/amsopn.sty
Package: amsopn 1999/12/14 v2.01 operator names
)
\inf@bad=\count90
LaTeX Info: Redefining \frac on input line 210.
\uproot@=\count91
\leftroot@=\count92
LaTeX Info: Redefining \overline on input line 306.
\classnum@=\count93
\DOTSCASE@=\count94
LaTeX Info: Redefining \ldots on input line 378.
LaTeX Info: Redefining \dots on input line 381.
LaTeX Info: Redefining \cdots on input line 466.
\Mathstrutbox@=\box26
\strutbox@=\box27
\big@size=\dimen109
LaTeX Font Info:    Redeclaring font encoding OML on input line 566.
LaTeX Font Info:    Redeclaring font encoding OMS on input line 567.
\macc@depth=\count95
\c@MaxMatrixCols=\count96
\dotsspace@=\muskip10
\c@parentequation=\count97
\dspbrk@lvl=\count98
\tag@help=\toks16
\row@=\count99
\column@=\count100
\maxfields@=\count101
\andhelp@=\toks17
\eqnshift@=\dimen110
\alignsep@=\dimen111
\tagshift@=\dimen112
\tagwidth@=\dimen113
\totwidth@=\dimen114
\lineht@=\dimen115
\@envbody=\toks18
\multlinegap=\skip46
\multlinetaggap=\skip47
\mathdisplay@stack=\toks19
LaTeX Info: Redefining \[ on input line 2665.
LaTeX Info: Redefining \] on input line 2666.
)
(/usr/local/texlive/2015/texmf-dist/tex/latex/amsfonts/amssymb.sty
Package: amssymb 2013/01/14 v3.01 AMS font symbols

(/usr/local/texlive/2015/texmf-dist/tex/latex/amsfonts/amsfonts.sty
Package: amsfonts 2013/01/14 v3.01 Basic AMSFonts support
\symAMSa=\mathgroup4
\symAMSb=\mathgroup5
LaTeX Font Info:    Overwriting math alphabet `\mathfrak' in version `bold'
(Font)                  U/euf/m/n --> U/euf/b/n on input line 106.
))
(/usr/local/texlive/2015/texmf-dist/tex/latex/graphics/color.sty
Package: color 2014/10/28 v1.1a Standard LaTeX Color (DPC)

(/usr/local/texlive/2015/texmf-dist/tex/latex/latexconfig/color.cfg
File: color.cfg 2007/01/18 v1.5 color configuration of teTeX/TeXLive
)
Package color Info: Driver file: pdftex.def on input line 142.
)
(/usr/local/texlive/2015/texmf-dist/tex/latex/caption/caption.sty
Package: caption 2013/05/02 v3.3-89 Customizing captions (AR)

(/usr/local/texlive/2015/texmf-dist/tex/latex/caption/caption3.sty
Package: caption3 2013/05/02 v1.6-88 caption3 kernel (AR)
Package caption3 Info: TeX engine: e-TeX on input line 57.
\captionmargin=\dimen116
\captionmargin@=\dimen117
\captionwidth=\dimen118
\caption@tempdima=\dimen119
\caption@indent=\dimen120
\caption@parindent=\dimen121
\caption@hangindent=\dimen122
)
\c@ContinuedFloat=\count102
)
(/usr/local/texlive/2015/texmf-dist/tex/latex/caption/subcaption.sty
Package: subcaption 2013/02/03 v1.1-62 Sub-captions (AR)
\c@subfigure=\count103
\c@subtable=\count104
)
(/usr/local/texlive/2015/texmf-dist/tex/latex/base/inputenc.sty
Package: inputenc 2015/03/17 v1.2c Input encoding file
\inpenc@prehook=\toks20
\inpenc@posthook=\toks21

(/usr/local/texlive/2015/texmf-dist/tex/latex/base/latin1.def
File: latin1.def 2015/03/17 v1.2c Input encoding file
))
(/usr/local/texlive/2015/texmf-dist/tex/latex/base/fontenc.sty
Package: fontenc 2005/09/27 v1.99g Standard LaTeX package

(/usr/local/texlive/2015/texmf-dist/tex/latex/base/t1enc.def
File: t1enc.def 2005/09/27 v1.99g Standard LaTeX file
LaTeX Font Info:    Redeclaring font encoding T1 on input line 48.
))
(/usr/local/texlive/2015/texmf-dist/tex/latex/listings/listings.sty
\lst@mode=\count105
\lst@gtempboxa=\box28
\lst@token=\toks22
\lst@length=\count106
\lst@currlwidth=\dimen123
\lst@column=\count107
\lst@pos=\count108
\lst@lostspace=\dimen124
\lst@width=\dimen125
\lst@newlines=\count109
\lst@lineno=\count110
\lst@maxwidth=\dimen126

(/usr/local/texlive/2015/texmf-dist/tex/latex/listings/lstmisc.sty
File: lstmisc.sty 2014/09/06 1.5e (Carsten Heinz)
\c@lstnumber=\count111
\lst@skipnumbers=\count112
\lst@framebox=\box29
)
(/usr/local/texlive/2015/texmf-dist/tex/latex/listings/listings.cfg
File: listings.cfg 2014/09/06 1.5e listings configuration
))
Package: listings 2014/09/06 1.5e (Carsten Heinz)

(/usr/local/texlive/2015/texmf-dist/tex/latex/listings/lstlang1.sty
File: lstlang1.sty 2014/09/06 1.5e listings language file
)
(./Report-Simon-Jenni.aux)
\openout1 = `Report-Simon-Jenni.aux'.

LaTeX Font Info:    Checking defaults for OML/cmm/m/it on input line 42.
LaTeX Font Info:    ... okay on input line 42.
LaTeX Font Info:    Checking defaults for T1/cmr/m/n on input line 42.
LaTeX Font Info:    ... okay on input line 42.
LaTeX Font Info:    Checking defaults for OT1/cmr/m/n on input line 42.
LaTeX Font Info:    ... okay on input line 42.
LaTeX Font Info:    Checking defaults for OMS/cmsy/m/n on input line 42.
LaTeX Font Info:    ... okay on input line 42.
LaTeX Font Info:    Checking defaults for OMX/cmex/m/n on input line 42.
LaTeX Font Info:    ... okay on input line 42.
LaTeX Font Info:    Checking defaults for U/cmr/m/n on input line 42.
LaTeX Font Info:    ... okay on input line 42.

(/usr/local/texlive/2015/texmf-dist/tex/context/base/supp-pdf.mkii
[Loading MPS to PDF converter (version 2006.09.02).]
\scratchcounter=\count113
\scratchdimen=\dimen127
\scratchbox=\box30
\nofMPsegments=\count114
\nofMParguments=\count115
\everyMPshowfont=\toks23
\MPscratchCnt=\count116
\MPscratchDim=\dimen128
\MPnumerator=\count117
\makeMPintoPDFobject=\count118
\everyMPtoPDFconversion=\toks24
) (/usr/local/texlive/2015/texmf-dist/tex/generic/oberdiek/pdftexcmds.sty
Package: pdftexcmds 2011/11/29 v0.20 Utility functions of pdfTeX for LuaTeX (HO
)

(/usr/local/texlive/2015/texmf-dist/tex/generic/oberdiek/ifluatex.sty
Package: ifluatex 2010/03/01 v1.3 Provides the ifluatex switch (HO)
Package ifluatex Info: LuaTeX not detected.
)
(/usr/local/texlive/2015/texmf-dist/tex/generic/oberdiek/ifpdf.sty
Package: ifpdf 2011/01/30 v2.3 Provides the ifpdf switch (HO)
Package ifpdf Info: pdfTeX in PDF mode is detected.
)
Package pdftexcmds Info: LuaTeX not detected.
Package pdftexcmds Info: \pdf@primitive is available.
Package pdftexcmds Info: \pdf@ifprimitive is available.
Package pdftexcmds Info: \pdfdraftmode found.
)
(/usr/local/texlive/2015/texmf-dist/tex/latex/oberdiek/epstopdf-base.sty
Package: epstopdf-base 2010/02/09 v2.5 Base part for package epstopdf

(/usr/local/texlive/2015/texmf-dist/tex/latex/oberdiek/grfext.sty
Package: grfext 2010/08/19 v1.1 Manage graphics extensions (HO)

(/usr/local/texlive/2015/texmf-dist/tex/generic/oberdiek/kvdefinekeys.sty
Package: kvdefinekeys 2011/04/07 v1.3 Define keys (HO)
))
(/usr/local/texlive/2015/texmf-dist/tex/latex/oberdiek/kvoptions.sty
Package: kvoptions 2011/06/30 v3.11 Key value format for package options (HO)

(/usr/local/texlive/2015/texmf-dist/tex/generic/oberdiek/kvsetkeys.sty
Package: kvsetkeys 2012/04/25 v1.16 Key value parser (HO)

(/usr/local/texlive/2015/texmf-dist/tex/generic/oberdiek/etexcmds.sty
Package: etexcmds 2011/02/16 v1.5 Avoid name clashes with e-TeX commands (HO)
Package etexcmds Info: Could not find \expanded.
(etexcmds)             That can mean that you are not using pdfTeX 1.50 or
(etexcmds)             that some package has redefined \expanded.
(etexcmds)             In the latter case, load this package earlier.
)))
Package grfext Info: Graphics extension search list:
(grfext)             [.png,.pdf,.jpg,.mps,.jpeg,.jbig2,.jb2,.PNG,.PDF,.JPG,.JPE
G,.JBIG2,.JB2,.eps]
(grfext)             \AppendGraphicsExtensions on input line 452.

(/usr/local/texlive/2015/texmf-dist/tex/latex/latexconfig/epstopdf-sys.cfg
File: epstopdf-sys.cfg 2010/07/13 v1.3 Configuration of (r)epstopdf for TeX Liv
e
))
Package caption Info: Begin \AtBeginDocument code.
Package caption Info: listings package is loaded.
Package caption Info: End \AtBeginDocument code.
\c@lstlisting=\count119
LaTeX Font Info:    Try loading font information for T1+cmss on input line 46.

(/usr/local/texlive/2015/texmf-dist/tex/latex/base/t1cmss.fd
File: t1cmss.fd 2014/09/29 v2.5h Standard LaTeX font definitions
)
LaTeX Font Info:    Try loading font information for U+msa on input line 46.

(/usr/local/texlive/2015/texmf-dist/tex/latex/amsfonts/umsa.fd
File: umsa.fd 2013/01/14 v3.01 AMS symbols A
)
LaTeX Font Info:    Try loading font information for U+msb on input line 46.

(/usr/local/texlive/2015/texmf-dist/tex/latex/amsfonts/umsb.fd
File: umsb.fd 2013/01/14 v3.01 AMS symbols B
)

LaTeX Warning: `!h' float specifier changed to `!ht'.

[1


{/usr/local/texlive/2015/texmf-var/fonts/map/pdftex/updmap/pdftex.map}]
<images/BestInsert_path.png, id=14, 562.1pt x 421.575pt>
File: images/BestInsert_path.png Graphic file (type png)

<use images/BestInsert_path.png>
Package pdftex.def Info: images/BestInsert_path.png used on input line 135.
(pdftex.def)             Requested size: 241.49895pt x 181.12575pt.

<images/Saving_path.png, id=15, 562.1pt x 421.575pt>
File: images/Saving_path.png Graphic file (type png)

<use images/Saving_path.png>
Package pdftex.def Info: images/Saving_path.png used on input line 135.
(pdftex.def)             Requested size: 241.49895pt x 181.12575pt.

<images/ShortestEdge_path.png, id=16, 562.1pt x 421.575pt>
File: images/ShortestEdge_path.png Graphic file (type png)

<use images/ShortestEdge_path.png>
Package pdftex.def Info: images/ShortestEdge_path.png used on input line 138.
(pdftex.def)             Requested size: 241.49895pt x 181.12575pt.

<images/SAMetropolis(swap).png, id=17, 562.1pt x 421.575pt>
File: images/SAMetropolis(swap).png Graphic file (type png)

<use images/SAMetropolis(swap).png>
Package pdftex.def Info: images/SAMetropolis(swap).png used on input line 154.
(pdftex.def)             Requested size: 241.49895pt x 181.12575pt.

<images/SAHeatbath(swap).png, id=18, 562.1pt x 421.575pt>
File: images/SAHeatbath(swap).png Graphic file (type png)

<use images/SAHeatbath(swap).png>
Package pdftex.def Info: images/SAHeatbath(swap).png used on input line 154.
(pdftex.def)             Requested size: 241.49895pt x 181.12575pt.

<images/GLS(swap).png, id=19, 562.1pt x 421.575pt>
File: images/GLS(swap).png Graphic file (type png)
 <use images/GLS(swap).png>
Package pdftex.def Info: images/GLS(swap).png used on input line 157.
(pdftex.def)             Requested size: 241.49895pt x 181.12575pt.


LaTeX Warning: `!h' float specifier changed to `!ht'.

<images/SAMetropolis(translation).png, id=20, 562.1pt x 421.575pt>
File: images/SAMetropolis(translation).png Graphic file (type png)

<use images/SAMetropolis(translation).png>
Package pdftex.def Info: images/SAMetropolis(translation).png used on input lin
e 173.
(pdftex.def)             Requested size: 241.49895pt x 181.12575pt.

<images/SAHeatbath(translation).png, id=21, 562.1pt x 421.575pt>
File: images/SAHeatbath(translation).png Graphic file (type png)

<use images/SAHeatbath(translation).png>
Package pdftex.def Info: images/SAHeatbath(translation).png used on input line 
173.
(pdftex.def)             Requested size: 241.49895pt x 181.12575pt.

<images/GLS(translation).png, id=22, 562.1pt x 421.575pt>
File: images/GLS(translation).png Graphic file (type png)

<use images/GLS(translation).png>
Package pdftex.def Info: images/GLS(translation).png used on input line 176.
(pdftex.def)             Requested size: 241.49895pt x 181.12575pt.


LaTeX Warning: `!h' float specifier changed to `!ht'.

<images/SAMetropolis(inversion).png, id=23, 562.1pt x 421.575pt>
File: images/SAMetropolis(inversion).png Graphic file (type png)

<use images/SAMetropolis(inversion).png>
Package pdftex.def Info: images/SAMetropolis(inversion).png used on input line 
192.
(pdftex.def)             Requested size: 241.49895pt x 181.12575pt.

<images/SAHeatbath(inversion).png, id=24, 562.1pt x 421.575pt>
File: images/SAHeatbath(inversion).png Graphic file (type png)

<use images/SAHeatbath(inversion).png>
Package pdftex.def Info: images/SAHeatbath(inversion).png used on input line 19
2.
(pdftex.def)             Requested size: 241.49895pt x 181.12575pt.

<images/GLS(inversion).png, id=25, 562.1pt x 421.575pt>
File: images/GLS(inversion).png Graphic file (type png)

<use images/GLS(inversion).png>
Package pdftex.def Info: images/GLS(inversion).png used on input line 195.
(pdftex.def)             Requested size: 241.49895pt x 181.12575pt.


LaTeX Warning: `!h' float specifier changed to `!ht'.

<images/SAMetropolis(mixed).png, id=26, 562.1pt x 421.575pt>
File: images/SAMetropolis(mixed).png Graphic file (type png)

<use images/SAMetropolis(mixed).png>
Package pdftex.def Info: images/SAMetropolis(mixed).png used on input line 211.

(pdftex.def)             Requested size: 241.49895pt x 181.12575pt.

<images/SAHeatbath(mixed).png, id=27, 562.1pt x 421.575pt>
File: images/SAHeatbath(mixed).png Graphic file (type png)

<use images/SAHeatbath(mixed).png>
Package pdftex.def Info: images/SAHeatbath(mixed).png used on input line 211.
(pdftex.def)             Requested size: 241.49895pt x 181.12575pt.

<images/GLS(mixed).png, id=28, 562.1pt x 421.575pt>
File: images/GLS(mixed).png Graphic file (type png)

<use images/GLS(mixed).png>
Package pdftex.def Info: images/GLS(mixed).png used on input line 214.
(pdftex.def)             Requested size: 241.49895pt x 181.12575pt.


LaTeX Warning: `!h' float specifier changed to `!ht'.

[2 <./images/BestInsert_path.png (PNG copy)> <./images/Saving_path.png (PNG cop
y)> <./images/ShortestEdge_path.png (PNG copy)>]
<images/SAMetropolis(swap)_performance.png, id=33, 562.1pt x 421.575pt>
File: images/SAMetropolis(swap)_performance.png Graphic file (type png)

<use images/SAMetropolis(swap)_performance.png>
Package pdftex.def Info: images/SAMetropolis(swap)_performance.png used on inpu
t line 237.
(pdftex.def)             Requested size: 241.49895pt x 181.12575pt.

<images/SAMetropolis(translation)_performance.png, id=34, 562.1pt x 421.575pt>
File: images/SAMetropolis(translation)_performance.png Graphic file (type png)

<use images/SAMetropolis(translation)_performance.png>
Package pdftex.def Info: images/SAMetropolis(translation)_performance.png used 
on input line 237.
(pdftex.def)             Requested size: 241.49895pt x 181.12575pt.

<images/SAMetropolis(inversion)_performance.png, id=35, 562.1pt x 421.575pt>
File: images/SAMetropolis(inversion)_performance.png Graphic file (type png)

<use images/SAMetropolis(inversion)_performance.png>
Package pdftex.def Info: images/SAMetropolis(inversion)_performance.png used on
 input line 247.
(pdftex.def)             Requested size: 241.49895pt x 181.12575pt.

<images/SAMetropolis(mixed)_performance.png, id=36, 562.1pt x 421.575pt>
File: images/SAMetropolis(mixed)_performance.png Graphic file (type png)

<use images/SAMetropolis(mixed)_performance.png>
Package pdftex.def Info: images/SAMetropolis(mixed)_performance.png used on inp
ut line 247.
(pdftex.def)             Requested size: 241.49895pt x 181.12575pt.


LaTeX Warning: `!h' float specifier changed to `!ht'.

<images/SAHeatbath(swap)_performance.png, id=37, 562.1pt x 421.575pt>
File: images/SAHeatbath(swap)_performance.png Graphic file (type png)

<use images/SAHeatbath(swap)_performance.png>
Package pdftex.def Info: images/SAHeatbath(swap)_performance.png used on input 
line 262.
(pdftex.def)             Requested size: 241.49895pt x 181.12575pt.

<images/SAHeatbath(translation)_performance.png, id=38, 562.1pt x 421.575pt>
File: images/SAHeatbath(translation)_performance.png Graphic file (type png)

<use images/SAHeatbath(translation)_performance.png>
Package pdftex.def Info: images/SAHeatbath(translation)_performance.png used on
 input line 262.
(pdftex.def)             Requested size: 241.49895pt x 181.12575pt.

<images/SAHeatbath(inversion)_performance.png, id=39, 562.1pt x 421.575pt>
File: images/SAHeatbath(inversion)_performance.png Graphic file (type png)

<use images/SAHeatbath(inversion)_performance.png>
Package pdftex.def Info: images/SAHeatbath(inversion)_performance.png used on i
nput line 272.
(pdftex.def)             Requested size: 241.49895pt x 181.12575pt.

<images/SAHeatbath(mixed)_performance.png, id=40, 562.1pt x 421.575pt>
File: images/SAHeatbath(mixed)_performance.png Graphic file (type png)

<use images/SAHeatbath(mixed)_performance.png>
Package pdftex.def Info: images/SAHeatbath(mixed)_performance.png used on input
 line 272.
(pdftex.def)             Requested size: 241.49895pt x 181.12575pt.


LaTeX Warning: `!h' float specifier changed to `!ht'.

<images/GLS(swap)_performance.png, id=41, 562.1pt x 421.575pt>
File: images/GLS(swap)_performance.png Graphic file (type png)

<use images/GLS(swap)_performance.png>
Package pdftex.def Info: images/GLS(swap)_performance.png used on input line 28
7.
(pdftex.def)             Requested size: 241.49895pt x 181.12575pt.

<images/GLS(translation)_performance.png, id=42, 562.1pt x 421.575pt>
File: images/GLS(translation)_performance.png Graphic file (type png)

<use images/GLS(translation)_performance.png>
Package pdftex.def Info: images/GLS(translation)_performance.png used on input 
line 287.
(pdftex.def)             Requested size: 241.49895pt x 181.12575pt.

<images/GLS(inversion)_performance.png, id=43, 562.1pt x 421.575pt>
File: images/GLS(inversion)_performance.png Graphic file (type png)

<use images/GLS(inversion)_performance.png>
Package pdftex.def Info: images/GLS(inversion)_performance.png used on input li
ne 297.
(pdftex.def)             Requested size: 241.49895pt x 181.12575pt.

<images/GLS(mixed)_performance.png, id=44, 562.1pt x 421.575pt>
File: images/GLS(mixed)_performance.png Graphic file (type png)

<use images/GLS(mixed)_performance.png>
Package pdftex.def Info: images/GLS(mixed)_performance.png used on input line 2
97.
(pdftex.def)             Requested size: 241.49895pt x 181.12575pt.


LaTeX Warning: `!h' float specifier changed to `!ht'.

[3 <./images/SAMetropolis(swap).png (PNG copy)> <./images/SAHeatbath(swap).png 
(PNG copy)> <./images/GLS(swap).png (PNG copy)>]

LaTeX Warning: `!h' float specifier changed to `!ht'.

[4 <./images/SAMetropolis(translation).png (PNG copy)> <./images/SAHeatbath(tra
nslation).png (PNG copy)> <./images/GLS(translation).png (PNG copy)>] [5 <./ima
ges/SAMetropolis(inversion).png (PNG copy)> <./images/SAHeatbath(inversion).png
 (PNG copy)> <./images/GLS(inversion).png (PNG copy)>] [6 <./images/SAMetropoli
s(mixed).png (PNG copy)> <./images/SAHeatbath(mixed).png (PNG copy)> <./images/
GLS(mixed).png (PNG copy)>] [7 <./images/SAMetropolis(swap)_performance.png (PN
G copy)> <./images/SAMetropolis(translation)_performance.png (PNG copy)> <./ima
ges/SAMetropolis(inversion)_performance.png (PNG copy)> <./images/SAMetropolis(
mixed)_performance.png (PNG copy)>] [8 <./images/SAHeatbath(swap)_performance.p
ng (PNG copy)> <./images/SAHeatbath(translation)_performance.png (PNG copy)> <.
/images/SAHeatbath(inversion)_performance.png (PNG copy)> <./images/SAHeatbath(
mixed)_performance.png (PNG copy)>] [9 <./images/GLS(swap)_performance.png (PNG
 copy)> <./images/GLS(translation)_performance.png (PNG copy)> <./images/GLS(in
version)_performance.png (PNG copy)> <./images/GLS(mixed)_performance.png (PNG 
copy)>] (./Report-Simon-Jenni.aux) ) 
Here is how much of TeX's memory you used:
 5491 strings out of 493089
 81865 string characters out of 6134842
 173245 words of memory out of 5000000
 8870 multiletter control sequences out of 15000+600000
 17667 words of font info for 42 fonts, out of 8000000 for 9000
 1141 hyphenation exceptions out of 8191
 38i,10n,40p,314b,400s stack positions out of 5000i,500n,10000p,200000b,80000s
{/usr/local/texlive/2015/texmf-dist/fonts/e
nc/dvips/cm-super/cm-super-t1.enc}</usr/local/texlive/2015/texmf-dist/fonts/typ
e1/public/amsfonts/cm/cmmi10.pfb></usr/local/texlive/2015/texmf-dist/fonts/type
1/public/amsfonts/cm/cmmi7.pfb></usr/local/texlive/2015/texmf-dist/fonts/type1/
public/amsfonts/cm/cmr10.pfb></usr/local/texlive/2015/texmf-dist/fonts/type1/pu
blic/amsfonts/cm/cmsy10.pfb></usr/local/texlive/2015/texmf-dist/fonts/type1/pub
lic/cm-super/sfrm0900.pfb></usr/local/texlive/2015/texmf-dist/fonts/type1/publi
c/cm-super/sfrm1000.pfb></usr/local/texlive/2015/texmf-dist/fonts/type1/public/
cm-super/sfsi1440.pfb></usr/local/texlive/2015/texmf-dist/fonts/type1/public/cm
-super/sfss1000.pfb></usr/local/texlive/2015/texmf-dist/fonts/type1/public/cm-s
uper/sfsx1000.pfb></usr/local/texlive/2015/texmf-dist/fonts/type1/public/cm-sup
er/sfsx1200.pfb></usr/local/texlive/2015/texmf-dist/fonts/type1/public/cm-super
/sfsx1728.pfb>
Output written on Report-Simon-Jenni.pdf (9 pages, 634708 bytes).
PDF statistics:
 106 PDF objects out of 1000 (max. 8388607)
 56 compressed objects within 1 object stream
 0 named destinations out of 1000 (max. 500000)
 136 words of extra memory for PDF output out of 10000 (max. 10000000)

